<?xml version="1.0" encoding="UTF-8"?>
<!-- Generated by org.testng.reporters.JUnitXMLReporter -->
<testsuite ignored="0" hostname="DESKTOP-36K93ML" failures="0" tests="3" name="Login and Logout" time="14.907" errors="0" timestamp="2023-07-10T19:33:23 GMT+02:00">
  <testcase classname="com.herokuapp.Login" name="loginTest" time="4.429"/>
  <testcase classname="com.herokuapp.NegativeLogin" name="negativeLoginTest" time="3.639"/>
  <testcase classname="com.herokuapp.Logout" name="logOut" time="6.83"/>
</testsuite> <!-- Login and Logout -->
